
Time: [0:00:04.978625] Step 0, Epoch 0, Cost [5.032136], Acc [0.1171875]
..................................................................
Time:[0:01:52.937146] Test with Epoch 0, Loss 4.09110952826, Acc 0.119025735294

Time: [0:01:57.792040] Step 0, Epoch 1, Cost [4.086615], Acc [0.]
..................................................................
Time:[0:04:09.240908] Test with Epoch 1, Loss 4.07406360963, Acc 0.153492647059

Time: [0:04:13.818222] Step 0, Epoch 2, Cost [4.0721436], Acc [0.046875]
..................................................................
Time:[0:06:03.060868] Test with Epoch 2, Loss 4.01675973219, Acc 0.233455882353

Time: [0:06:06.649092] Step 0, Epoch 3, Cost [4.0541687], Acc [0.0546875]
..................................................................
Time:[0:07:48.150154] Test with Epoch 3, Loss 3.97952586062, Acc 0.252757352941

Time: [0:07:52.100244] Step 0, Epoch 4, Cost [4.0611825], Acc [0.046875]
..................................................................
Time:[0:09:36.904745] Test with Epoch 4, Loss 3.86039767546, Acc 0.301470588235

Time: [0:09:42.147313] Step 0, Epoch 5, Cost [3.942054], Acc [0.09375]
..................................................................
Time:[0:11:40.390875] Test with Epoch 5, Loss 3.80201623019, Acc 0.2890625

Time: [0:11:44.087193] Step 0, Epoch 6, Cost [3.7230196], Acc [0.078125]
..................................................................
Time:[0:13:39.466520] Test with Epoch 6, Loss 3.74395993177, Acc 0.293198529412

Time: [0:13:43.899202] Step 0, Epoch 7, Cost [3.677894], Acc [0.1640625]
..................................................................
Time:[0:15:30.000417] Test with Epoch 7, Loss 4.58129056762, Acc 0.257352941176

Time: [0:15:34.460029] Step 0, Epoch 8, Cost [3.963477], Acc [0.15625]
..................................................................
Time:[0:17:18.437495] Test with Epoch 8, Loss 3.60836793395, Acc 0.431525735294

Time: [0:17:23.019611] Step 0, Epoch 9, Cost [3.3910246], Acc [0.3671875]
..................................................................
Time:[0:19:03.364524] Test with Epoch 9, Loss 4.63906888401, Acc 0.315257352941

Time: [0:19:07.321934] Step 0, Epoch 10, Cost [4.686631], Acc [0.1171875]
..................................................................
Time:[0:20:50.084491] Test with Epoch 10, Loss 3.25426721573, Acc 0.4921875

Time: [0:20:54.026630] Step 0, Epoch 11, Cost [2.9752467], Acc [0.4765625]
..................................................................
Time:[0:22:37.231229] Test with Epoch 11, Loss 3.48728676403, Acc 0.467371323529

Time: [0:22:41.274291] Step 0, Epoch 12, Cost [3.7277093], Acc [0.2734375]
..................................................................
Time:[0:24:32.286227] Test with Epoch 12, Loss 3.27663343093, Acc 0.537224264706

Time: [0:24:37.476281] Step 0, Epoch 13, Cost [2.9863396], Acc [0.484375]
..................................................................
Time:[0:26:15.851242] Test with Epoch 13, Loss 2.94732295766, Acc 0.591452205882

Time: [0:26:19.707832] Step 0, Epoch 14, Cost [2.4082327], Acc [0.6171875]
..................................................................
Time:[0:27:54.283964] Test with Epoch 14, Loss 3.12743892389, Acc 0.551470588235

Time: [0:27:57.966701] Step 0, Epoch 15, Cost [2.6412084], Acc [0.5546875]
..................................................................
Time:[0:29:32.055269] Test with Epoch 15, Loss 2.75277451207, Acc 0.610753676471

Time: [0:29:37.774031] Step 0, Epoch 16, Cost [1.7692297], Acc [0.78125]
..................................................................
Time:[0:31:37.425757] Test with Epoch 16, Loss 2.74673760639, Acc 0.631433823529

Time: [0:31:42.724366] Step 0, Epoch 17, Cost [2.1663356], Acc [0.6640625]
..................................................................
Time:[0:33:25.812568] Test with Epoch 17, Loss 2.9709438927, Acc 0.619944852941

Time: [0:33:29.518568] Step 0, Epoch 18, Cost [2.1403778], Acc [0.65625]
..................................................................
Time:[0:35:10.600207] Test with Epoch 18, Loss 2.71674217196, Acc 0.669577205882

Time: [0:35:14.675830] Step 0, Epoch 19, Cost [1.6031777], Acc [0.765625]
..................................................................
Time:[0:37:06.910851] Test with Epoch 19, Loss 2.74790648853, Acc 0.684283088235

Time: [0:37:12.545966] Step 0, Epoch 20, Cost [1.5244249], Acc [0.796875]
..................................................................
Time:[0:39:00.302216] Test with Epoch 20, Loss 2.8300641705, Acc 0.685661764706

Time: [0:39:05.426634] Step 0, Epoch 21, Cost [1.4257985], Acc [0.7890625]
..................................................................
Time:[0:41:08.676221] Test with Epoch 21, Loss 2.8231367574, Acc 0.705422794118

Time: [0:41:15.189327] Step 0, Epoch 22, Cost [1.0376321], Acc [0.8671875]
..................................................................
Time:[0:43:49.934895] Test with Epoch 22, Loss 2.66662617291, Acc 0.721966911765

Time: [0:43:57.475782] Step 0, Epoch 23, Cost [1.1240667], Acc [0.875]
..................................................................
Time:[0:45:31.456815] Test with Epoch 23, Loss 2.89807645714, Acc 0.721047794118

Time: [0:45:35.290972] Step 0, Epoch 24, Cost [1.0915688], Acc [0.875]
..................................................................
Time:[0:47:15.423975] Test with Epoch 24, Loss 2.90485781081, Acc 0.732077205882

Time: [0:47:19.213324] Step 0, Epoch 25, Cost [0.88004345], Acc [0.8984375]
..................................................................
Time:[0:48:58.190965] Test with Epoch 25, Loss 3.17787504897, Acc 0.725183823529

Time: [0:49:02.008529] Step 0, Epoch 26, Cost [0.8084409], Acc [0.921875]
..................................................................
Time:[0:50:58.358170] Test with Epoch 26, Loss 3.1575224049, Acc 0.727022058824

Time: [0:51:04.492733] Step 0, Epoch 27, Cost [0.7089362], Acc [0.90625]
..................................................................
Time:[0:53:03.604051] Test with Epoch 27, Loss 3.47697279734, Acc 0.714154411765

Time: [0:53:08.156855] Step 0, Epoch 28, Cost [1.0311291], Acc [0.890625]
..................................................................
Time:[0:54:50.299377] Test with Epoch 28, Loss 3.30363933479, Acc 0.728400735294

Time: [0:54:54.686506] Step 0, Epoch 29, Cost [0.6735066], Acc [0.9296875]
..................................................................
Time:[0:56:37.917765] Test with Epoch 29, Loss 3.26708664614, Acc 0.738511029412

Time: [0:56:41.804773] Step 0, Epoch 30, Cost [0.69295204], Acc [0.921875]
..................................................................
Time:[0:58:22.103194] Test with Epoch 30, Loss 3.11558208746, Acc 0.753216911765

Time: [0:58:26.145893] Step 0, Epoch 31, Cost [0.512507], Acc [0.9375]
..................................................................
Time:[1:00:02.038486] Test with Epoch 31, Loss 3.01525600517, Acc 0.765165441176

Time: [1:00:05.799228] Step 0, Epoch 32, Cost [0.45747083], Acc [0.9609375]
..................................................................
Time:[1:01:39.701815] Test with Epoch 32, Loss 3.10779567326, Acc 0.771599264706

Time: [1:01:43.505305] Step 0, Epoch 33, Cost [0.37169313], Acc [0.96875]
..................................................................
Time:[1:03:19.250642] Test with Epoch 33, Loss 3.49226246161, Acc 0.755514705882

Time: [1:03:23.710487] Step 0, Epoch 34, Cost [0.3080442], Acc [0.9609375]
..................................................................
Time:[1:05:16.765727] Test with Epoch 34, Loss 3.53130290088, Acc 0.764246323529

Time: [1:05:20.810628] Step 0, Epoch 35, Cost [0.32538664], Acc [0.96875]
..................................................................
Time:[1:07:06.046233] Test with Epoch 35, Loss 3.42319686273, Acc 0.776654411765

Time: [1:07:10.024735] Step 0, Epoch 36, Cost [0.16994925], Acc [0.9921875]
..................................................................
Time:[1:08:51.977185] Test with Epoch 36, Loss 3.39415722034, Acc 0.785845588235

Time: [1:08:55.947737] Step 0, Epoch 37, Cost [0.14186794], Acc [0.984375]
..................................................................
Time:[1:10:31.827701] Test with Epoch 37, Loss 3.45000560143, Acc 0.797794117647

Time: [1:10:35.623923] Step 0, Epoch 38, Cost [0.17185993], Acc [1.]
..................................................................
Time:[1:12:10.364322] Test with Epoch 38, Loss 3.54764717467, Acc 0.792738970588

Time: [1:12:14.098452] Step 0, Epoch 39, Cost [0.15586796], Acc [0.984375]
..................................................................
Time:[1:13:49.100598] Test with Epoch 39, Loss 3.65435374484, Acc 0.792738970588

Time: [1:13:52.925378] Step 0, Epoch 40, Cost [0.03303299], Acc [1.]
..................................................................
Time:[1:15:45.666593] Test with Epoch 40, Loss 3.74716646531, Acc 0.793198529412

Time: [1:15:49.996771] Step 0, Epoch 41, Cost [0.03805101], Acc [1.]
..................................................................
Time:[1:17:35.301865] Test with Epoch 41, Loss 3.83044141882, Acc 0.795955882353

Time: [1:17:38.689718] Step 0, Epoch 42, Cost [0.07405536], Acc [1.]
..................................................................
Time:[1:19:04.877829] Test with Epoch 42, Loss 3.90522623062, Acc 0.794577205882

Time: [1:19:08.276177] Step 0, Epoch 43, Cost [0.04957708], Acc [1.]
..................................................................
Time:[1:20:25.922593] Test with Epoch 43, Loss 3.96358972437, Acc 0.795496323529

Time: [1:20:28.941430] Step 0, Epoch 44, Cost [0.05177284], Acc [0.9921875]
..................................................................
Time:[1:21:44.886261] Test with Epoch 44, Loss 4.02108963798, Acc 0.795496323529

Time: [1:21:47.953125] Step 0, Epoch 45, Cost [0.04052245], Acc [0.9921875]
..................................................................
Time:[1:23:04.312397] Test with Epoch 45, Loss 4.06401219087, Acc 0.796875

Time: [1:23:07.361387] Step 0, Epoch 46, Cost [0.030637], Acc [1.]
..................................................................
Time:[1:24:23.925704] Test with Epoch 46, Loss 4.10788551499, Acc 0.795496323529

Time: [1:24:26.955611] Step 0, Epoch 47, Cost [0.03687254], Acc [0.9921875]
..................................................................
Time:[1:25:43.317353] Test with Epoch 47, Loss 4.15736996426, Acc 0.797334558824

Time: [1:25:46.374171] Step 0, Epoch 48, Cost [0.02208892], Acc [1.]
..................................................................
Time:[1:27:02.307040] Test with Epoch 48, Loss 4.19758228695, Acc 0.797334558824

Time: [1:27:05.372296] Step 0, Epoch 49, Cost [0.02538168], Acc [1.]
..................................................................
Time:[1:28:21.176097] Test with Epoch 49, Loss 4.23492594326, Acc 0.796875

Time: [1:28:24.216497] Step 0, Epoch 50, Cost [0.00854338], Acc [1.]
..................................................................
Time:[1:29:40.066473] Test with Epoch 50, Loss 4.27076883877, Acc 0.797794117647

Time: [1:29:43.090527] Step 0, Epoch 51, Cost [0.01005312], Acc [1.]
..................................................................
Time:[1:30:59.003255] Test with Epoch 51, Loss 4.307522353, Acc 0.797794117647

Time: [1:31:02.054418] Step 0, Epoch 52, Cost [0.00576608], Acc [1.]
..................................................................
Time:[1:32:18.259882] Test with Epoch 52, Loss 4.33827339902, Acc 0.798253676471

Time: [1:32:21.290903] Step 0, Epoch 53, Cost [0.00523535], Acc [1.]
..................................................................
Time:[1:33:37.263889] Test with Epoch 53, Loss 4.3677480922, Acc 0.799172794118

Time: [1:33:40.328604] Step 0, Epoch 54, Cost [0.00357547], Acc [1.]
..................................................................
Time:[1:34:56.676139] Test with Epoch 54, Loss 4.39538415741, Acc 0.799172794118

Time: [1:34:59.720170] Step 0, Epoch 55, Cost [0.01223133], Acc [1.]
..................................................................
Time:[1:36:15.596991] Test with Epoch 55, Loss 4.41890086847, Acc 0.799172794118

Time: [1:36:18.673012] Step 0, Epoch 56, Cost [0.00433927], Acc [1.]
..................................................................
Time:[1:37:34.603424] Test with Epoch 56, Loss 4.44614423023, Acc 0.796875

Time: [1:37:37.623676] Step 0, Epoch 57, Cost [0.00246491], Acc [1.]
..................................................................
Time:[1:38:53.576146] Test with Epoch 57, Loss 4.46731452381, Acc 0.796875

Time: [1:38:56.623799] Step 0, Epoch 58, Cost [0.00362695], Acc [1.]
..................................................................
Time:[3:42:46.901310] Test with Epoch 58, Loss 4.48827314377, Acc 0.797794117647

Time: [3:42:50.517516] Step 0, Epoch 59, Cost [0.00405958], Acc [1.]
..................................................................
Time:[3:44:12.028197] Test with Epoch 59, Loss 4.50813433703, Acc 0.797794117647

Time: [3:44:15.241235] Step 0, Epoch 60, Cost [0.00170473], Acc [1.]
..................................................................
Time:[3:45:36.681956] Test with Epoch 60, Loss 4.52804029689, Acc 0.797794117647

Time: [3:45:39.897335] Step 0, Epoch 61, Cost [0.00242528], Acc [1.]
..................................................................
Time:[3:47:01.015435] Test with Epoch 61, Loss 4.5472192624, Acc 0.797794117647

Time: [3:47:04.270105] Step 0, Epoch 62, Cost [0.00249715], Acc [1.]
..................................................................
Time:[3:48:28.460415] Test with Epoch 62, Loss 4.56434990378, Acc 0.797794117647

Time: [3:48:31.779573] Step 0, Epoch 63, Cost [0.0013894], Acc [1.]
..................................................................
Time:[3:49:55.634759] Test with Epoch 63, Loss 4.5820044209, Acc 0.797334558824

Time: [3:49:58.958653] Step 0, Epoch 64, Cost [0.00437672], Acc [1.]
..................................................................
Time:[3:51:21.524424] Test with Epoch 64, Loss 4.5987460473, Acc 0.797334558824

Time: [3:51:24.756655] Step 0, Epoch 65, Cost [0.00144138], Acc [1.]
..................................................................
Time:[3:52:47.071859] Test with Epoch 65, Loss 4.61566336015, Acc 0.798253676471

Time: [3:52:50.412119] Step 0, Epoch 66, Cost [0.0015163], Acc [1.]
..................................................................
Time:[3:54:15.087492] Test with Epoch 66, Loss 4.63069527289, Acc 0.797794117647

Time: [3:54:18.445769] Step 0, Epoch 67, Cost [0.00319088], Acc [1.]
..*** Aborted at 1533106697 (unix time) try "date -d @1533106697" if you are using GNU date ***
PC: @                0x0 (unknown)
*** SIGTERM (@0x3e8000031de) received by PID 15878 (TID 0x7ffb48656700) from PID 12766; stack trace: ***
    @     0x7ffb4823f390 (unknown)
    @     0x7ffb38423ab9 jpeg_idct_16x16
    @     0x7ffb383fd95e (unknown)
    @     0x7ffb3840607e (unknown)
    @     0x7ffb383faf21 jpeg_read_scanlines
    @     0x7ffb3867ca80 ImagingJpegDecode
    @     0x7ffb38654655 (unknown)
    @           0x4bc3fa PyEval_EvalFrameEx
    @           0x4c136f PyEval_EvalFrameEx
    @           0x4b9ab6 PyEval_EvalCodeEx
    @           0x4c16e7 PyEval_EvalFrameEx
    @           0x4b9ab6 PyEval_EvalCodeEx
    @           0x4c1e6f PyEval_EvalFrameEx
    @           0x4d4c9d (unknown)
    @           0x4bc9b6 PyEval_EvalFrameEx
    @           0x4d4c9d (unknown)
    @           0x4bc9b6 PyEval_EvalFrameEx
    @           0x4d4c9d (unknown)
    @           0x4bc9b6 PyEval_EvalFrameEx
    @           0x4d4c9d (unknown)
    @           0x50952f (unknown)
    @           0x4bc9b6 PyEval_EvalFrameEx
    @           0x4c136f PyEval_EvalFrameEx
    @           0x4c136f PyEval_EvalFrameEx
    @           0x4b9ab6 PyEval_EvalCodeEx
    @           0x4c16e7 PyEval_EvalFrameEx
    @           0x4b9ab6 PyEval_EvalCodeEx
    @           0x4eb30f (unknown)
    @           0x4e5422 PyRun_FileExFlags
    @           0x4e3cd6 PyRun_SimpleFileExFlags
    @           0x493ae2 Py_Main
    @     0x7ffb47e84830 __libc_start_main
